        -:    0:Source:/usr/include/c++/11/bits/move.h
        -:    1:// Move, forward and identity for C++11 + swap -*- C++ -*-
        -:    2:
        -:    3:// Copyright (C) 2007-2021 Free Software Foundation, Inc.
        -:    4://
        -:    5:// This file is part of the GNU ISO C++ Library.  This library is free
        -:    6:// software; you can redistribute it and/or modify it under the
        -:    7:// terms of the GNU General Public License as published by the
        -:    8:// Free Software Foundation; either version 3, or (at your option)
        -:    9:// any later version.
        -:   10:
        -:   11:// This library is distributed in the hope that it will be useful,
        -:   12:// but WITHOUT ANY WARRANTY; without even the implied warranty of
        -:   13:// MERCHANTABILITY or FITNESS FOR A PARTICULAR PURPOSE.  See the
        -:   14:// GNU General Public License for more details.
        -:   15:
        -:   16:// Under Section 7 of GPL version 3, you are granted additional
        -:   17:// permissions described in the GCC Runtime Library Exception, version
        -:   18:// 3.1, as published by the Free Software Foundation.
        -:   19:
        -:   20:// You should have received a copy of the GNU General Public License and
        -:   21:// a copy of the GCC Runtime Library Exception along with this program;
        -:   22:// see the files COPYING3 and COPYING.RUNTIME respectively.  If not, see
        -:   23:// <http://www.gnu.org/licenses/>.
        -:   24:
        -:   25:/** @file bits/move.h
        -:   26: *  This is an internal header file, included by other library headers.
        -:   27: *  Do not attempt to use it directly. @headername{utility}
        -:   28: */
        -:   29:
        -:   30:#ifndef _MOVE_H
        -:   31:#define _MOVE_H 1
        -:   32:
        -:   33:#include <bits/c++config.h>
        -:   34:#if __cplusplus < 201103L
        -:   35:# include <bits/concept_check.h>
        -:   36:#endif
        -:   37:
        -:   38:namespace std _GLIBCXX_VISIBILITY(default)
        -:   39:{
        -:   40:_GLIBCXX_BEGIN_NAMESPACE_VERSION
        -:   41:
        -:   42:  // Used, in C++03 mode too, by allocators, etc.
        -:   43:  /**
        -:   44:   *  @brief Same as C++11 std::addressof
        -:   45:   *  @ingroup utilities
        -:   46:   */
        -:   47:  template<typename _Tp>
        -:   48:    inline _GLIBCXX_CONSTEXPR _Tp*
     281*:   49:    __addressof(_Tp& __r) _GLIBCXX_NOEXCEPT
     281*:   50:    { return __builtin_addressof(__r); }
------------------
_ZSt11__addressofISt10shared_ptrI6VertexEEPT_RS3_:
    #####:   49:    __addressof(_Tp& __r) _GLIBCXX_NOEXCEPT
    #####:   50:    { return __builtin_addressof(__r); }
------------------
_ZSt11__addressofISt4pairISt8weak_ptrI6VertexEiEEPT_RS5_:
    #####:   49:    __addressof(_Tp& __r) _GLIBCXX_NOEXCEPT
    #####:   50:    { return __builtin_addressof(__r); }
------------------
_ZSt11__addressofINSt8__detail10_Hash_nodeISt4pairIKiPFviEELb0EEEEPT_RS8_:
    #####:   49:    __addressof(_Tp& __r) _GLIBCXX_NOEXCEPT
    #####:   50:    { return __builtin_addressof(__r); }
------------------
_ZSt11__addressofIPNSt8__detail15_Hash_node_baseEEPT_RS3_:
    #####:   49:    __addressof(_Tp& __r) _GLIBCXX_NOEXCEPT
    #####:   50:    { return __builtin_addressof(__r); }
------------------
_ZSt11__addressofISt8functionIFvvEEEPT_RS3_:
    #####:   49:    __addressof(_Tp& __r) _GLIBCXX_NOEXCEPT
    #####:   50:    { return __builtin_addressof(__r); }
------------------
_ZSt11__addressofISt6threadEPT_RS1_:
       13:   49:    __addressof(_Tp& __r) _GLIBCXX_NOEXCEPT
       13:   50:    { return __builtin_addressof(__r); }
------------------
_ZSt11__addressofISt5mutexEPT_RS1_:
        7:   49:    __addressof(_Tp& __r) _GLIBCXX_NOEXCEPT
        7:   50:    { return __builtin_addressof(__r); }
------------------
_ZSt11__addressofISaISt19_Sp_counted_deleterIP4TreeSt14default_deleteIS1_ESaIvELN9__gnu_cxx12_Lock_policyE2EEEEPT_RSA_:
    #####:   49:    __addressof(_Tp& __r) _GLIBCXX_NOEXCEPT
    #####:   50:    { return __builtin_addressof(__r); }
------------------
_ZSt11__addressofISt14default_deleteI4TreeEEPT_RS3_:
    #####:   49:    __addressof(_Tp& __r) _GLIBCXX_NOEXCEPT
    #####:   50:    { return __builtin_addressof(__r); }
------------------
_ZSt11__addressofImEPT_RS0_:
        3:   49:    __addressof(_Tp& __r) _GLIBCXX_NOEXCEPT
        3:   50:    { return __builtin_addressof(__r); }
------------------
_ZSt11__addressofISaISt23_Sp_counted_ptr_inplaceI6VertexSaIS1_ELN9__gnu_cxx12_Lock_policyE2EEEEPT_RS7_:
    #####:   49:    __addressof(_Tp& __r) _GLIBCXX_NOEXCEPT
    #####:   50:    { return __builtin_addressof(__r); }
------------------
_ZSt11__addressofISt5tupleIJiiiEEEPT_RS2_:
    #####:   49:    __addressof(_Tp& __r) _GLIBCXX_NOEXCEPT
    #####:   50:    { return __builtin_addressof(__r); }
------------------
_ZSt11__addressofIiEPT_RS0_:
        1:   49:    __addressof(_Tp& __r) _GLIBCXX_NOEXCEPT
        1:   50:    { return __builtin_addressof(__r); }
------------------
_ZSt11__addressofISt5tupleIJSt10shared_ptrI6VertexES3_iEEEPT_RS5_:
    #####:   49:    __addressof(_Tp& __r) _GLIBCXX_NOEXCEPT
    #####:   50:    { return __builtin_addressof(__r); }
------------------
_ZSt11__addressofISt10shared_ptrI6VertexEEPT_RS3_:
    #####:   49:    __addressof(_Tp& __r) _GLIBCXX_NOEXCEPT
    #####:   50:    { return __builtin_addressof(__r); }
------------------
_ZSt11__addressofISt4pairISt8weak_ptrI6VertexEiEEPT_RS5_:
    #####:   49:    __addressof(_Tp& __r) _GLIBCXX_NOEXCEPT
    #####:   50:    { return __builtin_addressof(__r); }
------------------
_ZSt11__addressofIKZN13KruskalSolver7findMSTER5GraphEUliE0_EPT_RS5_:
       13:   49:    __addressof(_Tp& __r) _GLIBCXX_NOEXCEPT
       13:   50:    { return __builtin_addressof(__r); }
------------------
_ZSt11__addressofImEPT_RS0_:
    #####:   49:    __addressof(_Tp& __r) _GLIBCXX_NOEXCEPT
    #####:   50:    { return __builtin_addressof(__r); }
------------------
_ZSt11__addressofISt4pairISt8weak_ptrI6VertexEiEEPT_RS5_:
       86:   49:    __addressof(_Tp& __r) _GLIBCXX_NOEXCEPT
       86:   50:    { return __builtin_addressof(__r); }
------------------
_ZSt11__addressofISaISt19_Sp_counted_deleterIP4TreeSt14default_deleteIS1_ESaIvELN9__gnu_cxx12_Lock_policyE2EEEEPT_RSA_:
        1:   49:    __addressof(_Tp& __r) _GLIBCXX_NOEXCEPT
        1:   50:    { return __builtin_addressof(__r); }
------------------
_ZSt11__addressofISt14default_deleteI9MSTSolverEEPT_RS3_:
    #####:   49:    __addressof(_Tp& __r) _GLIBCXX_NOEXCEPT
    #####:   50:    { return __builtin_addressof(__r); }
------------------
_ZSt11__addressofISt14default_deleteI4TreeEEPT_RS3_:
    #####:   49:    __addressof(_Tp& __r) _GLIBCXX_NOEXCEPT
    #####:   50:    { return __builtin_addressof(__r); }
------------------
_ZSt11__addressofINSt8__detail10_Hash_nodeISt4pairIKiPFviEELb0EEEEPT_RS8_:
        2:   49:    __addressof(_Tp& __r) _GLIBCXX_NOEXCEPT
        2:   50:    { return __builtin_addressof(__r); }
------------------
_ZSt11__addressofISaISt23_Sp_counted_ptr_inplaceI6VertexSaIS1_ELN9__gnu_cxx12_Lock_policyE2EEEEPT_RS7_:
       20:   49:    __addressof(_Tp& __r) _GLIBCXX_NOEXCEPT
       20:   50:    { return __builtin_addressof(__r); }
------------------
_ZSt11__addressofIPNSt8__detail15_Hash_node_baseEEPT_RS3_:
        1:   49:    __addressof(_Tp& __r) _GLIBCXX_NOEXCEPT
        1:   50:    { return __builtin_addressof(__r); }
------------------
_ZSt11__addressofINSt7__cxx1112basic_stringIcSt11char_traitsIcESaIcEEEEPT_RS6_:
       47:   49:    __addressof(_Tp& __r) _GLIBCXX_NOEXCEPT
       47:   50:    { return __builtin_addressof(__r); }
------------------
_ZSt11__addressofISt10shared_ptrI6VertexEEPT_RS3_:
       72:   49:    __addressof(_Tp& __r) _GLIBCXX_NOEXCEPT
       72:   50:    { return __builtin_addressof(__r); }
------------------
_ZSt11__addressofISaISt19_Sp_counted_deleterIP9MSTSolverSt14default_deleteIS1_ESaIvELN9__gnu_cxx12_Lock_policyE2EEEEPT_RSA_:
        1:   49:    __addressof(_Tp& __r) _GLIBCXX_NOEXCEPT
        1:   50:    { return __builtin_addressof(__r); }
------------------
_ZSt11__addressofIKZ12handleClientiEUlvE3_EPT_RS2_:
    #####:   49:    __addressof(_Tp& __r) _GLIBCXX_NOEXCEPT
    #####:   50:    { return __builtin_addressof(__r); }
------------------
_ZSt11__addressofIKZ12handleClientiEUlvE2_EPT_RS2_:
    #####:   49:    __addressof(_Tp& __r) _GLIBCXX_NOEXCEPT
    #####:   50:    { return __builtin_addressof(__r); }
------------------
_ZSt11__addressofIKZ12handleClientiEUlvE1_EPT_RS2_:
        2:   49:    __addressof(_Tp& __r) _GLIBCXX_NOEXCEPT
        2:   50:    { return __builtin_addressof(__r); }
------------------
_ZSt11__addressofIKZ12handleClientiEUlvE0_EPT_RS2_:
    #####:   49:    __addressof(_Tp& __r) _GLIBCXX_NOEXCEPT
    #####:   50:    { return __builtin_addressof(__r); }
------------------
_ZSt11__addressofIKZ12handleClientiEUlvE_EPT_RS2_:
    #####:   49:    __addressof(_Tp& __r) _GLIBCXX_NOEXCEPT
    #####:   50:    { return __builtin_addressof(__r); }
------------------
_ZSt11__addressofISt5tupleIJiibEEEPT_RS2_:
    #####:   49:    __addressof(_Tp& __r) _GLIBCXX_NOEXCEPT
    #####:   50:    { return __builtin_addressof(__r); }
------------------
_ZSt11__addressofISt5tupleIJSt10shared_ptrI6VertexES3_iEEEPT_RS5_:
       12:   49:    __addressof(_Tp& __r) _GLIBCXX_NOEXCEPT
       12:   50:    { return __builtin_addressof(__r); }
------------------
_ZSt11__addressofISt4pairISt8weak_ptrI6VertexEiEEPT_RS5_:
    #####:   49:    __addressof(_Tp& __r) _GLIBCXX_NOEXCEPT
    #####:   50:    { return __builtin_addressof(__r); }
------------------
        -:   51:
        -:   52:#if __cplusplus >= 201103L
        -:   53:
        -:   54:_GLIBCXX_END_NAMESPACE_VERSION
        -:   55:} // namespace
        -:   56:
        -:   57:#include <type_traits> // Brings in std::declval too.
        -:   58:
        -:   59:namespace std _GLIBCXX_VISIBILITY(default)
        -:   60:{
        -:   61:_GLIBCXX_BEGIN_NAMESPACE_VERSION
        -:   62:
        -:   63:  /**
        -:   64:   *  @addtogroup utilities
        -:   65:   *  @{
        -:   66:   */
        -:   67:
        -:   68:  /**
        -:   69:   *  @brief  Forward an lvalue.
        -:   70:   *  @return The parameter cast to the specified type.
        -:   71:   *
        -:   72:   *  This function is used to implement "perfect forwarding".
        -:   73:   */
        -:   74:  template<typename _Tp>
        -:   75:    _GLIBCXX_NODISCARD
        -:   76:    constexpr _Tp&&
     704*:   77:    forward(typename std::remove_reference<_Tp>::type& __t) noexcept
     704*:   78:    { return static_cast<_Tp&&>(__t); }
------------------
_ZSt7forwardIRiEOT_RNSt16remove_referenceIS1_E4typeE:
    #####:   77:    forward(typename std::remove_reference<_Tp>::type& __t) noexcept
    #####:   78:    { return static_cast<_Tp&&>(__t); }
------------------
_ZSt7forwardIRK6pollfdEOT_RNSt16remove_referenceIS3_E4typeE:
        6:   77:    forward(typename std::remove_reference<_Tp>::type& __t) noexcept
        6:   78:    { return static_cast<_Tp&&>(__t); }
------------------
_ZSt7forwardIRKSt21piecewise_construct_tEOT_RNSt16remove_referenceIS3_E4typeE:
        8:   77:    forward(typename std::remove_reference<_Tp>::type& __t) noexcept
        8:   78:    { return static_cast<_Tp&&>(__t); }
------------------
_ZSt7forwardISt5tupleIJRKiEEEOT_RNSt16remove_referenceIS4_E4typeE:
        8:   77:    forward(typename std::remove_reference<_Tp>::type& __t) noexcept
        8:   78:    { return static_cast<_Tp&&>(__t); }
------------------
_ZSt7forwardISt5tupleIJEEEOT_RNSt16remove_referenceIS2_E4typeE:
        8:   77:    forward(typename std::remove_reference<_Tp>::type& __t) noexcept
        8:   78:    { return static_cast<_Tp&&>(__t); }
------------------
_ZSt7forwardIRKSt4pairIKiPFviEEEOT_RNSt16remove_referenceIS7_E4typeE:
       14:   77:    forward(typename std::remove_reference<_Tp>::type& __t) noexcept
       14:   78:    { return static_cast<_Tp&&>(__t); }
------------------
_ZSt7forwardIRKiEOT_RNSt16remove_referenceIS2_E4typeE:
    #####:   77:    forward(typename std::remove_reference<_Tp>::type& __t) noexcept
    #####:   78:    { return static_cast<_Tp&&>(__t); }
------------------
_ZSt7forwardIiEOT_RNSt16remove_referenceIS0_E4typeE:
    #####:   77:    forward(typename std::remove_reference<_Tp>::type& __t) noexcept
    #####:   78:    { return static_cast<_Tp&&>(__t); }
------------------
_ZSt7forwardISt8weak_ptrI6VertexEEOT_RNSt16remove_referenceIS3_E4typeE:
       24:   77:    forward(typename std::remove_reference<_Tp>::type& __t) noexcept
       24:   78:    { return static_cast<_Tp&&>(__t); }
------------------
_ZSt7forwardISt6threadEOT_RNSt16remove_referenceIS1_E4typeE:
        6:   77:    forward(typename std::remove_reference<_Tp>::type& __t) noexcept
        6:   78:    { return static_cast<_Tp&&>(__t); }
------------------
_ZSt7forwardISt4pairISt8weak_ptrI6VertexEiEEOT_RNSt16remove_referenceIS5_E4typeE:
       60:   77:    forward(typename std::remove_reference<_Tp>::type& __t) noexcept
       60:   78:    { return static_cast<_Tp&&>(__t); }
------------------
_ZSt7forwardIiEOT_RNSt16remove_referenceIS0_E4typeE:
       70:   77:    forward(typename std::remove_reference<_Tp>::type& __t) noexcept
       70:   78:    { return static_cast<_Tp&&>(__t); }
------------------
_ZSt7forwardIbEOT_RNSt16remove_referenceIS0_E4typeE:
       11:   77:    forward(typename std::remove_reference<_Tp>::type& __t) noexcept
       11:   78:    { return static_cast<_Tp&&>(__t); }
------------------
_ZSt7forwardIRKSt10shared_ptrI6VertexEEOT_RNSt16remove_referenceIS5_E4typeE:
    #####:   77:    forward(typename std::remove_reference<_Tp>::type& __t) noexcept
    #####:   78:    { return static_cast<_Tp&&>(__t); }
------------------
_ZSt7forwardISt10shared_ptrI6VertexEEOT_RNSt16remove_referenceIS3_E4typeE:
    #####:   77:    forward(typename std::remove_reference<_Tp>::type& __t) noexcept
    #####:   78:    { return static_cast<_Tp&&>(__t); }
------------------
_ZSt7forwardIRKiEOT_RNSt16remove_referenceIS2_E4typeE:
       14:   77:    forward(typename std::remove_reference<_Tp>::type& __t) noexcept
       14:   78:    { return static_cast<_Tp&&>(__t); }
------------------
_ZSt7forwardIRiEOT_RNSt16remove_referenceIS1_E4typeE:
    #####:   77:    forward(typename std::remove_reference<_Tp>::type& __t) noexcept
    #####:   78:    { return static_cast<_Tp&&>(__t); }
------------------
_ZSt7forwardIRZN13KruskalSolver7findMSTER5GraphEUliE0_EOT_RNSt16remove_referenceIS5_E4typeE:
       26:   77:    forward(typename std::remove_reference<_Tp>::type& __t) noexcept
       26:   78:    { return static_cast<_Tp&&>(__t); }
------------------
_ZSt7forwardIiEOT_RNSt16remove_referenceIS0_E4typeE:
    #####:   77:    forward(typename std::remove_reference<_Tp>::type& __t) noexcept
    #####:   78:    { return static_cast<_Tp&&>(__t); }
------------------
_ZSt7forwardIRmEOT_RNSt16remove_referenceIS1_E4typeE:
       40:   77:    forward(typename std::remove_reference<_Tp>::type& __t) noexcept
       40:   78:    { return static_cast<_Tp&&>(__t); }
------------------
_ZSt7forwardIRSt6vectorISt10shared_ptrI6VertexESaIS3_EEEOT_RNSt16remove_referenceIS7_E4typeE:
        1:   77:    forward(typename std::remove_reference<_Tp>::type& __t) noexcept
        1:   78:    { return static_cast<_Tp&&>(__t); }
------------------
_ZSt7forwardIRiEOT_RNSt16remove_referenceIS1_E4typeE:
    #####:   77:    forward(typename std::remove_reference<_Tp>::type& __t) noexcept
    #####:   78:    { return static_cast<_Tp&&>(__t); }
------------------
_ZSt7forwardIZN13KruskalSolver7findMSTER5GraphEUliE0_EOT_RNSt16remove_referenceIS4_E4typeE:
        3:   77:    forward(typename std::remove_reference<_Tp>::type& __t) noexcept
        3:   78:    { return static_cast<_Tp&&>(__t); }
------------------
_ZSt7forwardIRKSt10shared_ptrI6VertexEEOT_RNSt16remove_referenceIS5_E4typeE:
    #####:   77:    forward(typename std::remove_reference<_Tp>::type& __t) noexcept
    #####:   78:    { return static_cast<_Tp&&>(__t); }
------------------
_ZSt7forwardISt10shared_ptrI6VertexEEOT_RNSt16remove_referenceIS3_E4typeE:
    #####:   77:    forward(typename std::remove_reference<_Tp>::type& __t) noexcept
    #####:   78:    { return static_cast<_Tp&&>(__t); }
------------------
_ZSt7forwardISt5tupleIJiiiEEEOT_RNSt16remove_referenceIS2_E4typeE:
    #####:   77:    forward(typename std::remove_reference<_Tp>::type& __t) noexcept
    #####:   78:    { return static_cast<_Tp&&>(__t); }
------------------
_ZSt7forwardISt14_Bit_referenceEOT_RNSt16remove_referenceIS1_E4typeE:
       10:   77:    forward(typename std::remove_reference<_Tp>::type& __t) noexcept
       10:   78:    { return static_cast<_Tp&&>(__t); }
------------------
_ZSt7forwardIRKZN13KruskalSolver7findMSTER5GraphEUliE0_EOT_RNSt16remove_referenceIS6_E4typeE:
    #####:   77:    forward(typename std::remove_reference<_Tp>::type& __t) noexcept
    #####:   78:    { return static_cast<_Tp&&>(__t); }
------------------
_ZSt7forwardIRKSt4pairISt8weak_ptrI6VertexEiEEOT_RNSt16remove_referenceIS7_E4typeE:
    #####:   77:    forward(typename std::remove_reference<_Tp>::type& __t) noexcept
    #####:   78:    { return static_cast<_Tp&&>(__t); }
------------------
_ZSt7forwardIRKSt5tupleIJiiiEEEOT_RNSt16remove_referenceIS4_E4typeE:
    #####:   77:    forward(typename std::remove_reference<_Tp>::type& __t) noexcept
    #####:   78:    { return static_cast<_Tp&&>(__t); }
------------------
_ZSt7forwardISt14default_deleteI4TreeEEOT_RNSt16remove_referenceIS3_E4typeE:
    #####:   77:    forward(typename std::remove_reference<_Tp>::type& __t) noexcept
    #####:   78:    { return static_cast<_Tp&&>(__t); }
------------------
_ZSt7forwardIP4TreeEOT_RNSt16remove_referenceIS2_E4typeE:
    #####:   77:    forward(typename std::remove_reference<_Tp>::type& __t) noexcept
    #####:   78:    { return static_cast<_Tp&&>(__t); }
------------------
_ZSt7forwardIZN10ThreadPoolC4EmEUlvE_EOT_RNSt16remove_referenceIS2_E4typeE:
       51:   77:    forward(typename std::remove_reference<_Tp>::type& __t) noexcept
       51:   78:    { return static_cast<_Tp&&>(__t); }
------------------
_ZSt7forwardIRKSt8functionIFvvEEEOT_RNSt16remove_referenceIS5_E4typeE:
        2:   77:    forward(typename std::remove_reference<_Tp>::type& __t) noexcept
        2:   78:    { return static_cast<_Tp&&>(__t); }
------------------
_ZSt7forwardISt14default_deleteI4TreeEEOT_RNSt16remove_referenceIS3_E4typeE:
        3:   77:    forward(typename std::remove_reference<_Tp>::type& __t) noexcept
        3:   78:    { return static_cast<_Tp&&>(__t); }
------------------
_ZSt7forwardIRKNSt7__cxx1112basic_stringIcSt11char_traitsIcESaIcEEEEOT_RNSt16remove_referenceIS8_E4typeE:
       51:   77:    forward(typename std::remove_reference<_Tp>::type& __t) noexcept
       51:   78:    { return static_cast<_Tp&&>(__t); }
------------------
_ZSt7forwardIRP9MSTSolverEOT_RNSt16remove_referenceIS3_E4typeE:
        3:   77:    forward(typename std::remove_reference<_Tp>::type& __t) noexcept
        3:   78:    { return static_cast<_Tp&&>(__t); }
------------------
_ZSt7forwardIRZ12handleClientiEUlvE_EOT_RNSt16remove_referenceIS2_E4typeE:
    #####:   77:    forward(typename std::remove_reference<_Tp>::type& __t) noexcept
    #####:   78:    { return static_cast<_Tp&&>(__t); }
------------------
_ZSt7forwardIRZ12handleClientiEUlvE0_EOT_RNSt16remove_referenceIS2_E4typeE:
    #####:   77:    forward(typename std::remove_reference<_Tp>::type& __t) noexcept
    #####:   78:    { return static_cast<_Tp&&>(__t); }
------------------
_ZSt7forwardIRZ12handleClientiEUlvE1_EOT_RNSt16remove_referenceIS2_E4typeE:
        2:   77:    forward(typename std::remove_reference<_Tp>::type& __t) noexcept
        2:   78:    { return static_cast<_Tp&&>(__t); }
------------------
_ZSt7forwardIRZ12handleClientiEUlvE2_EOT_RNSt16remove_referenceIS2_E4typeE:
    #####:   77:    forward(typename std::remove_reference<_Tp>::type& __t) noexcept
    #####:   78:    { return static_cast<_Tp&&>(__t); }
------------------
_ZSt7forwardIRZ12handleClientiEUlvE3_EOT_RNSt16remove_referenceIS2_E4typeE:
    #####:   77:    forward(typename std::remove_reference<_Tp>::type& __t) noexcept
    #####:   78:    { return static_cast<_Tp&&>(__t); }
------------------
_ZSt7forwardISt14default_deleteI9MSTSolverEEOT_RNSt16remove_referenceIS3_E4typeE:
        3:   77:    forward(typename std::remove_reference<_Tp>::type& __t) noexcept
        3:   78:    { return static_cast<_Tp&&>(__t); }
------------------
_ZSt7forwardISt10shared_ptrI6VertexEEOT_RNSt16remove_referenceIS3_E4typeE:
       87:   77:    forward(typename std::remove_reference<_Tp>::type& __t) noexcept
       87:   78:    { return static_cast<_Tp&&>(__t); }
------------------
_ZSt7forwardIRKZ12handleClientiEUlvE_EOT_RNSt16remove_referenceIS3_E4typeE:
    #####:   77:    forward(typename std::remove_reference<_Tp>::type& __t) noexcept
    #####:   78:    { return static_cast<_Tp&&>(__t); }
------------------
_ZSt7forwardIRKZ12handleClientiEUlvE0_EOT_RNSt16remove_referenceIS3_E4typeE:
    #####:   77:    forward(typename std::remove_reference<_Tp>::type& __t) noexcept
    #####:   78:    { return static_cast<_Tp&&>(__t); }
------------------
_ZSt7forwardIRKZ12handleClientiEUlvE1_EOT_RNSt16remove_referenceIS3_E4typeE:
        2:   77:    forward(typename std::remove_reference<_Tp>::type& __t) noexcept
        2:   78:    { return static_cast<_Tp&&>(__t); }
------------------
_ZSt7forwardIRKZ12handleClientiEUlvE2_EOT_RNSt16remove_referenceIS3_E4typeE:
    #####:   77:    forward(typename std::remove_reference<_Tp>::type& __t) noexcept
    #####:   78:    { return static_cast<_Tp&&>(__t); }
------------------
_ZSt7forwardIRKZ12handleClientiEUlvE3_EOT_RNSt16remove_referenceIS3_E4typeE:
    #####:   77:    forward(typename std::remove_reference<_Tp>::type& __t) noexcept
    #####:   78:    { return static_cast<_Tp&&>(__t); }
------------------
_ZSt7forwardIP9MSTSolverEOT_RNSt16remove_referenceIS2_E4typeE:
        2:   77:    forward(typename std::remove_reference<_Tp>::type& __t) noexcept
        2:   78:    { return static_cast<_Tp&&>(__t); }
------------------
_ZSt7forwardIP4TreeEOT_RNSt16remove_referenceIS2_E4typeE:
        2:   77:    forward(typename std::remove_reference<_Tp>::type& __t) noexcept
        2:   78:    { return static_cast<_Tp&&>(__t); }
------------------
_ZSt7forwardINSt7__cxx1112basic_stringIcSt11char_traitsIcESaIcEEEEOT_RNSt16remove_referenceIS6_E4typeE:
       20:   77:    forward(typename std::remove_reference<_Tp>::type& __t) noexcept
       20:   78:    { return static_cast<_Tp&&>(__t); }
------------------
_ZSt7forwardIRKSt10shared_ptrI6VertexEEOT_RNSt16remove_referenceIS5_E4typeE:
       19:   77:    forward(typename std::remove_reference<_Tp>::type& __t) noexcept
       19:   78:    { return static_cast<_Tp&&>(__t); }
------------------
_ZSt7forwardIZ12handleClientiEUlvE3_EOT_RNSt16remove_referenceIS1_E4typeE:
    #####:   77:    forward(typename std::remove_reference<_Tp>::type& __t) noexcept
    #####:   78:    { return static_cast<_Tp&&>(__t); }
------------------
_ZSt7forwardIZ12handleClientiEUlvE2_EOT_RNSt16remove_referenceIS1_E4typeE:
    #####:   77:    forward(typename std::remove_reference<_Tp>::type& __t) noexcept
    #####:   78:    { return static_cast<_Tp&&>(__t); }
------------------
_ZSt7forwardIZ12handleClientiEUlvE1_EOT_RNSt16remove_referenceIS1_E4typeE:
        3:   77:    forward(typename std::remove_reference<_Tp>::type& __t) noexcept
        3:   78:    { return static_cast<_Tp&&>(__t); }
------------------
_ZSt7forwardIZ12handleClientiEUlvE0_EOT_RNSt16remove_referenceIS1_E4typeE:
    #####:   77:    forward(typename std::remove_reference<_Tp>::type& __t) noexcept
    #####:   78:    { return static_cast<_Tp&&>(__t); }
------------------
_ZSt7forwardIZ12handleClientiEUlvE_EOT_RNSt16remove_referenceIS1_E4typeE:
    #####:   77:    forward(typename std::remove_reference<_Tp>::type& __t) noexcept
    #####:   78:    { return static_cast<_Tp&&>(__t); }
------------------
_ZSt7forwardIRiEOT_RNSt16remove_referenceIS1_E4typeE:
       82:   77:    forward(typename std::remove_reference<_Tp>::type& __t) noexcept
       82:   78:    { return static_cast<_Tp&&>(__t); }
------------------
_ZSt7forwardISt14default_deleteI16IntegerMSTSolverEEOT_RNSt16remove_referenceIS3_E4typeE:
    #####:   77:    forward(typename std::remove_reference<_Tp>::type& __t) noexcept
    #####:   78:    { return static_cast<_Tp&&>(__t); }
------------------
_ZSt7forwardISt14default_deleteI12TarjanSolverEEOT_RNSt16remove_referenceIS3_E4typeE:
    #####:   77:    forward(typename std::remove_reference<_Tp>::type& __t) noexcept
    #####:   78:    { return static_cast<_Tp&&>(__t); }
------------------
_ZSt7forwardISt14default_deleteI13KruskalSolverEEOT_RNSt16remove_referenceIS3_E4typeE:
        6:   77:    forward(typename std::remove_reference<_Tp>::type& __t) noexcept
        6:   78:    { return static_cast<_Tp&&>(__t); }
------------------
_ZSt7forwardISt14default_deleteI10PrimSolverEEOT_RNSt16remove_referenceIS3_E4typeE:
    #####:   77:    forward(typename std::remove_reference<_Tp>::type& __t) noexcept
    #####:   78:    { return static_cast<_Tp&&>(__t); }
------------------
_ZSt7forwardISt14default_deleteI13BoruvkaSolverEEOT_RNSt16remove_referenceIS3_E4typeE:
    #####:   77:    forward(typename std::remove_reference<_Tp>::type& __t) noexcept
    #####:   78:    { return static_cast<_Tp&&>(__t); }
------------------
_ZSt7forwardIRKSt4pairISt8weak_ptrI6VertexEiEEOT_RNSt16remove_referenceIS7_E4typeE:
       29:   77:    forward(typename std::remove_reference<_Tp>::type& __t) noexcept
       29:   78:    { return static_cast<_Tp&&>(__t); }
------------------
_ZSt7forwardISt5tupleIJiibEEEOT_RNSt16remove_referenceIS2_E4typeE:
       10:   77:    forward(typename std::remove_reference<_Tp>::type& __t) noexcept
       10:   78:    { return static_cast<_Tp&&>(__t); }
------------------
_ZSt7forwardISt5tupleIJSt10shared_ptrI6VertexES3_iEEEOT_RNSt16remove_referenceIS5_E4typeE:
       18:   77:    forward(typename std::remove_reference<_Tp>::type& __t) noexcept
       18:   78:    { return static_cast<_Tp&&>(__t); }
------------------
        -:   79:
        -:   80:  /**
        -:   81:   *  @brief  Forward an rvalue.
        -:   82:   *  @return The parameter cast to the specified type.
        -:   83:   *
        -:   84:   *  This function is used to implement "perfect forwarding".
        -:   85:   */
        -:   86:  template<typename _Tp>
        -:   87:    _GLIBCXX_NODISCARD
        -:   88:    constexpr _Tp&&
        -:   89:    forward(typename std::remove_reference<_Tp>::type&& __t) noexcept
        -:   90:    {
        -:   91:      static_assert(!std::is_lvalue_reference<_Tp>::value,
        -:   92:	  "std::forward must not be used to convert an rvalue to an lvalue");
        -:   93:      return static_cast<_Tp&&>(__t);
        -:   94:    }
        -:   95:
        -:   96:  /**
        -:   97:   *  @brief  Convert a value to an rvalue.
        -:   98:   *  @param  __t  A thing of arbitrary type.
        -:   99:   *  @return The parameter cast to an rvalue-reference to allow moving it.
        -:  100:  */
        -:  101:  template<typename _Tp>
        -:  102:    _GLIBCXX_NODISCARD
        -:  103:    constexpr typename std::remove_reference<_Tp>::type&&
     346*:  104:    move(_Tp&& __t) noexcept
     346*:  105:    { return static_cast<typename std::remove_reference<_Tp>::type&&>(__t); }
------------------
_ZSt4moveIRiEONSt16remove_referenceIT_E4typeEOS2_:
    #####:  104:    move(_Tp&& __t) noexcept
    #####:  105:    { return static_cast<typename std::remove_reference<_Tp>::type&&>(__t); }
------------------
_ZSt4moveIRZN6Vertex14removeNeighborESt10shared_ptrIS0_EEUlRKSt4pairISt8weak_ptrIS0_EiEE_EONSt16remove_referenceIT_E4typeEOSC_:
        4:  104:    move(_Tp&& __t) noexcept
        4:  105:    { return static_cast<typename std::remove_reference<_Tp>::type&&>(__t); }
------------------
_ZSt4moveIRSt4pairISt8weak_ptrI6VertexEiEEONSt16remove_referenceIT_E4typeEOS7_:
       18:  104:    move(_Tp&& __t) noexcept
       18:  105:    { return static_cast<typename std::remove_reference<_Tp>::type&&>(__t); }
------------------
_ZSt4moveIRSt5tupleIJZN10ThreadPoolC4EmEUlvE_EEEONSt16remove_referenceIT_E4typeEOS6_:
        4:  104:    move(_Tp&& __t) noexcept
        4:  105:    { return static_cast<typename std::remove_reference<_Tp>::type&&>(__t); }
------------------
_ZSt4moveIRSt6threadEONSt16remove_referenceIT_E4typeEOS3_:
        3:  104:    move(_Tp&& __t) noexcept
        3:  105:    { return static_cast<typename std::remove_reference<_Tp>::type&&>(__t); }
------------------
_ZSt4moveIRPNSt6thread6_StateEEONSt16remove_referenceIT_E4typeEOS5_:
    #####:  104:    move(_Tp&& __t) noexcept
    #####:  105:    { return static_cast<typename std::remove_reference<_Tp>::type&&>(__t); }
------------------
_ZSt4moveIRPFvRKSt9_Any_dataEEONSt16remove_referenceIT_E4typeEOS7_:
        3:  104:    move(_Tp&& __t) noexcept
        3:  105:    { return static_cast<typename std::remove_reference<_Tp>::type&&>(__t); }
------------------
_ZSt4moveIRPFbRSt9_Any_dataRKS0_St18_Manager_operationEEONSt16remove_referenceIT_E4typeEOS9_:
        3:  104:    move(_Tp&& __t) noexcept
        3:  105:    { return static_cast<typename std::remove_reference<_Tp>::type&&>(__t); }
------------------
_ZSt4moveIRSt9_Any_dataEONSt16remove_referenceIT_E4typeEOS3_:
        3:  104:    move(_Tp&& __t) noexcept
        3:  105:    { return static_cast<typename std::remove_reference<_Tp>::type&&>(__t); }
------------------
_ZSt4moveIRNSt6thread2idEEONSt16remove_referenceIT_E4typeEOS4_:
        9:  104:    move(_Tp&& __t) noexcept
        9:  105:    { return static_cast<typename std::remove_reference<_Tp>::type&&>(__t); }
------------------
_ZSt4moveIRSt8functionIFvvEEEONSt16remove_referenceIT_E4typeEOS5_:
        2:  104:    move(_Tp&& __t) noexcept
        2:  105:    { return static_cast<typename std::remove_reference<_Tp>::type&&>(__t); }
------------------
_ZSt4moveIRSt14default_deleteI4TreeEEONSt16remove_referenceIT_E4typeEOS5_:
    #####:  104:    move(_Tp&& __t) noexcept
    #####:  105:    { return static_cast<typename std::remove_reference<_Tp>::type&&>(__t); }
------------------
_ZSt4moveIRSt10unique_ptrI4TreeSt14default_deleteIS1_EEEONSt16remove_referenceIT_E4typeEOS7_:
    #####:  104:    move(_Tp&& __t) noexcept
    #####:  105:    { return static_cast<typename std::remove_reference<_Tp>::type&&>(__t); }
------------------
_ZSt4moveIRP4TreeEONSt16remove_referenceIT_E4typeEOS4_:
    #####:  104:    move(_Tp&& __t) noexcept
    #####:  105:    { return static_cast<typename std::remove_reference<_Tp>::type&&>(__t); }
------------------
_ZSt4moveIRSt12__weak_countILN9__gnu_cxx12_Lock_policyE2EEEONSt16remove_referenceIT_E4typeEOS6_:
       30:  104:    move(_Tp&& __t) noexcept
       30:  105:    { return static_cast<typename std::remove_reference<_Tp>::type&&>(__t); }
------------------
_ZSt4moveIRP6VertexEONSt16remove_referenceIT_E4typeEOS4_:
    #####:  104:    move(_Tp&& __t) noexcept
    #####:  105:    { return static_cast<typename std::remove_reference<_Tp>::type&&>(__t); }
------------------
_ZSt4moveIRSt12__shared_ptrI6VertexLN9__gnu_cxx12_Lock_policyE2EEEONSt16remove_referenceIT_E4typeEOS7_:
        6:  104:    move(_Tp&& __t) noexcept
        6:  105:    { return static_cast<typename std::remove_reference<_Tp>::type&&>(__t); }
------------------
_ZSt4moveIRSt11_Tuple_implILm1EJSt10shared_ptrI6VertexEiEEEONSt16remove_referenceIT_E4typeEOS7_:
        3:  104:    move(_Tp&& __t) noexcept
        3:  105:    { return static_cast<typename std::remove_reference<_Tp>::type&&>(__t); }
------------------
_ZSt4moveIRN9__gnu_cxx5__ops15_Iter_comp_iterIZN13KruskalSolver7findMSTER5GraphEUlRKSt5tupleIJSt10shared_ptrI6VertexES9_iEESC_E_EEEONSt16remove_referenceIT_E4typeEOSH_:
        2:  104:    move(_Tp&& __t) noexcept
        2:  105:    { return static_cast<typename std::remove_reference<_Tp>::type&&>(__t); }
------------------
_ZSt4moveIRSt5tupleIJSt10shared_ptrI6VertexES3_iEEEONSt16remove_referenceIT_E4typeEOS7_:
    #####:  104:    move(_Tp&& __t) noexcept
    #####:  105:    { return static_cast<typename std::remove_reference<_Tp>::type&&>(__t); }
------------------
_ZSt4moveIRN9__gnu_cxx5__ops15_Iter_comp_iterISt7greaterISt5tupleIJiiiEEEEEEONSt16remove_referenceIT_E4typeEOSA_:
    #####:  104:    move(_Tp&& __t) noexcept
    #####:  105:    { return static_cast<typename std::remove_reference<_Tp>::type&&>(__t); }
------------------
_ZSt4moveIRSt11_Tuple_implILm2EJiEEEONSt16remove_referenceIT_E4typeEOS4_:
        3:  104:    move(_Tp&& __t) noexcept
        3:  105:    { return static_cast<typename std::remove_reference<_Tp>::type&&>(__t); }
------------------
_ZSt4moveIRSt11_Tuple_implILm1EJiiEEEONSt16remove_referenceIT_E4typeEOS4_:
    #####:  104:    move(_Tp&& __t) noexcept
    #####:  105:    { return static_cast<typename std::remove_reference<_Tp>::type&&>(__t); }
------------------
_ZSt4moveIRZN13KruskalSolver7findMSTER5GraphEUlRKSt5tupleIJSt10shared_ptrI6VertexES6_iEES9_E_EONSt16remove_referenceIT_E4typeEOSD_:
        4:  104:    move(_Tp&& __t) noexcept
        4:  105:    { return static_cast<typename std::remove_reference<_Tp>::type&&>(__t); }
------------------
_ZSt4moveIRSt7greaterISt5tupleIJiiiEEEEONSt16remove_referenceIT_E4typeEOS6_:
    #####:  104:    move(_Tp&& __t) noexcept
    #####:  105:    { return static_cast<typename std::remove_reference<_Tp>::type&&>(__t); }
------------------
_ZSt4moveIRSt5tupleIJiiiEEEONSt16remove_referenceIT_E4typeEOS4_:
    #####:  104:    move(_Tp&& __t) noexcept
    #####:  105:    { return static_cast<typename std::remove_reference<_Tp>::type&&>(__t); }
------------------
_ZSt4moveIRP4TreeEONSt16remove_referenceIT_E4typeEOS4_:
    #####:  104:    move(_Tp&& __t) noexcept
    #####:  105:    { return static_cast<typename std::remove_reference<_Tp>::type&&>(__t); }
------------------
_ZSt4moveIRSt10shared_ptrI6VertexEEONSt16remove_referenceIT_E4typeEOS5_:
    #####:  104:    move(_Tp&& __t) noexcept
    #####:  105:    { return static_cast<typename std::remove_reference<_Tp>::type&&>(__t); }
------------------
_ZSt4moveIRNSt7__cxx1112basic_stringIcSt11char_traitsIcESaIcEEEEONSt16remove_referenceIT_E4typeEOS8_:
       10:  104:    move(_Tp&& __t) noexcept
       10:  105:    { return static_cast<typename std::remove_reference<_Tp>::type&&>(__t); }
------------------
_ZSt4moveIRSt14default_deleteI9MSTSolverEEONSt16remove_referenceIT_E4typeEOS5_:
        3:  104:    move(_Tp&& __t) noexcept
        3:  105:    { return static_cast<typename std::remove_reference<_Tp>::type&&>(__t); }
------------------
_ZSt4moveIRSaISt10shared_ptrI6VertexEEEONSt16remove_referenceIT_E4typeEOS6_:
        1:  104:    move(_Tp&& __t) noexcept
        1:  105:    { return static_cast<typename std::remove_reference<_Tp>::type&&>(__t); }
------------------
_ZSt4moveIRSt10unique_ptrI4TreeSt14default_deleteIS1_EEEONSt16remove_referenceIT_E4typeEOS7_:
        3:  104:    move(_Tp&& __t) noexcept
        3:  105:    { return static_cast<typename std::remove_reference<_Tp>::type&&>(__t); }
------------------
_ZSt4moveIRP4TreeEONSt16remove_referenceIT_E4typeEOS4_:
        3:  104:    move(_Tp&& __t) noexcept
        3:  105:    { return static_cast<typename std::remove_reference<_Tp>::type&&>(__t); }
------------------
_ZSt4moveIRSt10unique_ptrI9MSTSolverSt14default_deleteIS1_EEEONSt16remove_referenceIT_E4typeEOS7_:
        3:  104:    move(_Tp&& __t) noexcept
        3:  105:    { return static_cast<typename std::remove_reference<_Tp>::type&&>(__t); }
------------------
_ZSt4moveIRSt6vectorISt10shared_ptrI6VertexESaIS3_EEEONSt16remove_referenceIT_E4typeEOS8_:
        1:  104:    move(_Tp&& __t) noexcept
        1:  105:    { return static_cast<typename std::remove_reference<_Tp>::type&&>(__t); }
------------------
_ZSt4moveIRSt10shared_ptrI6VertexEEONSt16remove_referenceIT_E4typeEOS5_:
      117:  104:    move(_Tp&& __t) noexcept
      117:  105:    { return static_cast<typename std::remove_reference<_Tp>::type&&>(__t); }
------------------
_ZSt4moveIRP16IntegerMSTSolverEONSt16remove_referenceIT_E4typeEOS4_:
    #####:  104:    move(_Tp&& __t) noexcept
    #####:  105:    { return static_cast<typename std::remove_reference<_Tp>::type&&>(__t); }
------------------
_ZSt4moveIRP12TarjanSolverEONSt16remove_referenceIT_E4typeEOS4_:
    #####:  104:    move(_Tp&& __t) noexcept
    #####:  105:    { return static_cast<typename std::remove_reference<_Tp>::type&&>(__t); }
------------------
_ZSt4moveIRP13KruskalSolverEONSt16remove_referenceIT_E4typeEOS4_:
    #####:  104:    move(_Tp&& __t) noexcept
    #####:  105:    { return static_cast<typename std::remove_reference<_Tp>::type&&>(__t); }
------------------
_ZSt4moveIRP10PrimSolverEONSt16remove_referenceIT_E4typeEOS4_:
    #####:  104:    move(_Tp&& __t) noexcept
    #####:  105:    { return static_cast<typename std::remove_reference<_Tp>::type&&>(__t); }
------------------
_ZSt4moveIRP9MSTSolverEONSt16remove_referenceIT_E4typeEOS4_:
        3:  104:    move(_Tp&& __t) noexcept
        3:  105:    { return static_cast<typename std::remove_reference<_Tp>::type&&>(__t); }
------------------
_ZSt4moveIRP13BoruvkaSolverEONSt16remove_referenceIT_E4typeEOS4_:
    #####:  104:    move(_Tp&& __t) noexcept
    #####:  105:    { return static_cast<typename std::remove_reference<_Tp>::type&&>(__t); }
------------------
_ZSt4moveIRSt14default_deleteI4TreeEEONSt16remove_referenceIT_E4typeEOS5_:
        3:  104:    move(_Tp&& __t) noexcept
        3:  105:    { return static_cast<typename std::remove_reference<_Tp>::type&&>(__t); }
------------------
_ZSt4moveIRSaIcEEONSt16remove_referenceIT_E4typeEOS3_:
    #####:  104:    move(_Tp&& __t) noexcept
    #####:  105:    { return static_cast<typename std::remove_reference<_Tp>::type&&>(__t); }
------------------
_ZSt4moveIRSt11_Tuple_implILm2EJbEEEONSt16remove_referenceIT_E4typeEOS4_:
        3:  104:    move(_Tp&& __t) noexcept
        3:  105:    { return static_cast<typename std::remove_reference<_Tp>::type&&>(__t); }
------------------
_ZSt4moveIRSt11_Tuple_implILm1EJibEEEONSt16remove_referenceIT_E4typeEOS4_:
        3:  104:    move(_Tp&& __t) noexcept
        3:  105:    { return static_cast<typename std::remove_reference<_Tp>::type&&>(__t); }
------------------
_ZSt4moveIRSt10shared_ptrI6VertexEEONSt16remove_referenceIT_E4typeEOS5_:
    #####:  104:    move(_Tp&& __t) noexcept
    #####:  105:    { return static_cast<typename std::remove_reference<_Tp>::type&&>(__t); }
------------------
_ZSt4moveIRN9__gnu_cxx5__ops15_Iter_comp_iterISt7greaterISt5tupleIJiibEEEEEEONSt16remove_referenceIT_E4typeEOSA_:
    #####:  104:    move(_Tp&& __t) noexcept
    #####:  105:    { return static_cast<typename std::remove_reference<_Tp>::type&&>(__t); }
------------------
_ZSt4moveIRSt7greaterISt5tupleIJiibEEEEONSt16remove_referenceIT_E4typeEOS6_:
        6:  104:    move(_Tp&& __t) noexcept
        6:  105:    { return static_cast<typename std::remove_reference<_Tp>::type&&>(__t); }
------------------
_ZSt4moveIRSt5tupleIJiibEEEONSt16remove_referenceIT_E4typeEOS4_:
       18:  104:    move(_Tp&& __t) noexcept
       18:  105:    { return static_cast<typename std::remove_reference<_Tp>::type&&>(__t); }
------------------
_ZSt4moveIRSt5tupleIJSt10shared_ptrI6VertexES3_iEEEONSt16remove_referenceIT_E4typeEOS7_:
       14:  104:    move(_Tp&& __t) noexcept
       14:  105:    { return static_cast<typename std::remove_reference<_Tp>::type&&>(__t); }
------------------
_ZSt4moveIRP6VertexEONSt16remove_referenceIT_E4typeEOS4_:
       18:  104:    move(_Tp&& __t) noexcept
       18:  105:    { return static_cast<typename std::remove_reference<_Tp>::type&&>(__t); }
------------------
_ZSt4moveIRSt10__weak_ptrI6VertexLN9__gnu_cxx12_Lock_policyE2EEEONSt16remove_referenceIT_E4typeEOS7_:
    #####:  104:    move(_Tp&& __t) noexcept
    #####:  105:    { return static_cast<typename std::remove_reference<_Tp>::type&&>(__t); }
------------------
_ZSt4moveIRZN6Vertex11hasNeighborESt10shared_ptrIS0_EEUlRKSt4pairISt8weak_ptrIS0_EiEE_EONSt16remove_referenceIT_E4typeEOSC_:
       40:  104:    move(_Tp&& __t) noexcept
       40:  105:    { return static_cast<typename std::remove_reference<_Tp>::type&&>(__t); }
------------------
_ZSt4moveIRSt10shared_ptrI6VertexEEONSt16remove_referenceIT_E4typeEOS5_:
    #####:  104:    move(_Tp&& __t) noexcept
    #####:  105:    { return static_cast<typename std::remove_reference<_Tp>::type&&>(__t); }
------------------
        -:  106:
        -:  107:
        -:  108:  template<typename _Tp>
        -:  109:    struct __move_if_noexcept_cond
        -:  110:    : public __and_<__not_<is_nothrow_move_constructible<_Tp>>,
        -:  111:                    is_copy_constructible<_Tp>>::type { };
        -:  112:
        -:  113:  /**
        -:  114:   *  @brief  Conditionally convert a value to an rvalue.
        -:  115:   *  @param  __x  A thing of arbitrary type.
        -:  116:   *  @return The parameter, possibly cast to an rvalue-reference.
        -:  117:   *
        -:  118:   *  Same as std::move unless the type's move constructor could throw and the
        -:  119:   *  type is copyable, in which case an lvalue-reference is returned instead.
        -:  120:   */
        -:  121:  template<typename _Tp>
        -:  122:    _GLIBCXX_NODISCARD
        -:  123:    constexpr typename
        -:  124:    conditional<__move_if_noexcept_cond<_Tp>::value, const _Tp&, _Tp&&>::type
        -:  125:    move_if_noexcept(_Tp& __x) noexcept
        -:  126:    { return std::move(__x); }
        -:  127:
        -:  128:  // declval, from type_traits.
        -:  129:
        -:  130:#if __cplusplus > 201402L
        -:  131:  // _GLIBCXX_RESOLVE_LIB_DEFECTS
        -:  132:  // 2296. std::addressof should be constexpr
        -:  133:# define __cpp_lib_addressof_constexpr 201603
        -:  134:#endif
        -:  135:  /**
        -:  136:   *  @brief Returns the actual address of the object or function
        -:  137:   *         referenced by r, even in the presence of an overloaded
        -:  138:   *         operator&.
        -:  139:   *  @param  __r  Reference to an object or function.
        -:  140:   *  @return   The actual address.
        -:  141:  */
        -:  142:  template<typename _Tp>
        -:  143:    _GLIBCXX_NODISCARD
        -:  144:    inline _GLIBCXX17_CONSTEXPR _Tp*
       3*:  145:    addressof(_Tp& __r) noexcept
       3*:  146:    { return std::__addressof(__r); }
------------------
_ZSt9addressofINSt8__detail10_Hash_nodeISt4pairIKiPFviEELb0EEEEPT_RS8_:
        2:  145:    addressof(_Tp& __r) noexcept
        2:  146:    { return std::__addressof(__r); }
------------------
_ZSt9addressofIPNSt8__detail15_Hash_node_baseEEPT_RS3_:
        1:  145:    addressof(_Tp& __r) noexcept
        1:  146:    { return std::__addressof(__r); }
------------------
_ZSt9addressofINSt8__detail10_Hash_nodeISt4pairIKiPFviEELb0EEEEPT_RS8_:
    #####:  145:    addressof(_Tp& __r) noexcept
    #####:  146:    { return std::__addressof(__r); }
------------------
_ZSt9addressofIPNSt8__detail15_Hash_node_baseEEPT_RS3_:
    #####:  145:    addressof(_Tp& __r) noexcept
    #####:  146:    { return std::__addressof(__r); }
------------------
        -:  147:
        -:  148:  // _GLIBCXX_RESOLVE_LIB_DEFECTS
        -:  149:  // 2598. addressof works on temporaries
        -:  150:  template<typename _Tp>
        -:  151:    const _Tp* addressof(const _Tp&&) = delete;
        -:  152:
        -:  153:  // C++11 version of std::exchange for internal use.
        -:  154:  template <typename _Tp, typename _Up = _Tp>
        -:  155:    _GLIBCXX20_CONSTEXPR
        -:  156:    inline _Tp
        -:  157:    __exchange(_Tp& __obj, _Up&& __new_val)
        -:  158:    {
        -:  159:      _Tp __old_val = std::move(__obj);
        -:  160:      __obj = std::forward<_Up>(__new_val);
        -:  161:      return __old_val;
        -:  162:    }
        -:  163:
        -:  164:  /// @} group utilities
        -:  165:
        -:  166:#define _GLIBCXX_FWDREF(_Tp) _Tp&&
        -:  167:#define _GLIBCXX_MOVE(__val) std::move(__val)
        -:  168:#define _GLIBCXX_FORWARD(_Tp, __val) std::forward<_Tp>(__val)
        -:  169:#else
        -:  170:#define _GLIBCXX_FWDREF(_Tp) const _Tp&
        -:  171:#define _GLIBCXX_MOVE(__val) (__val)
        -:  172:#define _GLIBCXX_FORWARD(_Tp, __val) (__val)
        -:  173:#endif
        -:  174:
        -:  175:  /**
        -:  176:   *  @addtogroup utilities
        -:  177:   *  @{
        -:  178:   */
        -:  179:
        -:  180:  /**
        -:  181:   *  @brief Swaps two values.
        -:  182:   *  @param  __a  A thing of arbitrary type.
        -:  183:   *  @param  __b  Another thing of arbitrary type.
        -:  184:   *  @return   Nothing.
        -:  185:  */
        -:  186:  template<typename _Tp>
        -:  187:    _GLIBCXX20_CONSTEXPR
        -:  188:    inline
        -:  189:#if __cplusplus >= 201103L
        -:  190:    typename enable_if<__and_<__not_<__is_tuple_like<_Tp>>,
        -:  191:			      is_move_constructible<_Tp>,
        -:  192:			      is_move_assignable<_Tp>>::value>::type
        -:  193:#else
        -:  194:    void
        -:  195:#endif
      14*:  196:    swap(_Tp& __a, _Tp& __b)
        -:  197:    _GLIBCXX_NOEXCEPT_IF(__and_<is_nothrow_move_constructible<_Tp>,
        -:  198:				is_nothrow_move_assignable<_Tp>>::value)
        -:  199:    {
        -:  200:#if __cplusplus < 201103L
        -:  201:      // concept requirements
        -:  202:      __glibcxx_function_requires(_SGIAssignableConcept<_Tp>)
        -:  203:#endif
      14*:  204:      _Tp __tmp = _GLIBCXX_MOVE(__a);
      14*:  205:      __a = _GLIBCXX_MOVE(__b);
      14*:  206:      __b = _GLIBCXX_MOVE(__tmp);
      14*:  207:    }
------------------
_ZSt4swapIP4TreeENSt9enable_ifIXsrSt6__and_IJSt6__not_ISt15__is_tuple_likeIT_EESt21is_move_constructibleIS6_ESt18is_move_assignableIS6_EEE5valueEvE4typeERS6_SG_:
        1:  196:    swap(_Tp& __a, _Tp& __b)
        -:  197:    _GLIBCXX_NOEXCEPT_IF(__and_<is_nothrow_move_constructible<_Tp>,
        -:  198:				is_nothrow_move_assignable<_Tp>>::value)
        -:  199:    {
        -:  200:#if __cplusplus < 201103L
        -:  201:      // concept requirements
        -:  202:      __glibcxx_function_requires(_SGIAssignableConcept<_Tp>)
        -:  203:#endif
        1:  204:      _Tp __tmp = _GLIBCXX_MOVE(__a);
        1:  205:      __a = _GLIBCXX_MOVE(__b);
        1:  206:      __b = _GLIBCXX_MOVE(__tmp);
        1:  207:    }
------------------
_ZSt4swapIP9MSTSolverENSt9enable_ifIXsrSt6__and_IJSt6__not_ISt15__is_tuple_likeIT_EESt21is_move_constructibleIS6_ESt18is_move_assignableIS6_EEE5valueEvE4typeERS6_SG_:
        1:  196:    swap(_Tp& __a, _Tp& __b)
        -:  197:    _GLIBCXX_NOEXCEPT_IF(__and_<is_nothrow_move_constructible<_Tp>,
        -:  198:				is_nothrow_move_assignable<_Tp>>::value)
        -:  199:    {
        -:  200:#if __cplusplus < 201103L
        -:  201:      // concept requirements
        -:  202:      __glibcxx_function_requires(_SGIAssignableConcept<_Tp>)
        -:  203:#endif
        1:  204:      _Tp __tmp = _GLIBCXX_MOVE(__a);
        1:  205:      __a = _GLIBCXX_MOVE(__b);
        1:  206:      __b = _GLIBCXX_MOVE(__tmp);
        1:  207:    }
------------------
_ZSt4swapIP6VertexENSt9enable_ifIXsrSt6__and_IJSt6__not_ISt15__is_tuple_likeIT_EESt21is_move_constructibleIS6_ESt18is_move_assignableIS6_EEE5valueEvE4typeERS6_SG_:
        6:  196:    swap(_Tp& __a, _Tp& __b)
        -:  197:    _GLIBCXX_NOEXCEPT_IF(__and_<is_nothrow_move_constructible<_Tp>,
        -:  198:				is_nothrow_move_assignable<_Tp>>::value)
        -:  199:    {
        -:  200:#if __cplusplus < 201103L
        -:  201:      // concept requirements
        -:  202:      __glibcxx_function_requires(_SGIAssignableConcept<_Tp>)
        -:  203:#endif
        6:  204:      _Tp __tmp = _GLIBCXX_MOVE(__a);
        6:  205:      __a = _GLIBCXX_MOVE(__b);
        6:  206:      __b = _GLIBCXX_MOVE(__tmp);
        6:  207:    }
------------------
_ZSt4swapIPFvRKSt9_Any_dataEENSt9enable_ifIXsrSt6__and_IJSt6__not_ISt15__is_tuple_likeIT_EESt21is_move_constructibleIS9_ESt18is_move_assignableIS9_EEE5valueEvE4typeERS9_SJ_:
        1:  196:    swap(_Tp& __a, _Tp& __b)
        -:  197:    _GLIBCXX_NOEXCEPT_IF(__and_<is_nothrow_move_constructible<_Tp>,
        -:  198:				is_nothrow_move_assignable<_Tp>>::value)
        -:  199:    {
        -:  200:#if __cplusplus < 201103L
        -:  201:      // concept requirements
        -:  202:      __glibcxx_function_requires(_SGIAssignableConcept<_Tp>)
        -:  203:#endif
        1:  204:      _Tp __tmp = _GLIBCXX_MOVE(__a);
        1:  205:      __a = _GLIBCXX_MOVE(__b);
        1:  206:      __b = _GLIBCXX_MOVE(__tmp);
        1:  207:    }
------------------
_ZSt4swapIPFbRSt9_Any_dataRKS0_St18_Manager_operationEENSt9enable_ifIXsrSt6__and_IJSt6__not_ISt15__is_tuple_likeIT_EESt21is_move_constructibleISB_ESt18is_move_assignableISB_EEE5valueEvE4typeERSB_SL_:
        1:  196:    swap(_Tp& __a, _Tp& __b)
        -:  197:    _GLIBCXX_NOEXCEPT_IF(__and_<is_nothrow_move_constructible<_Tp>,
        -:  198:				is_nothrow_move_assignable<_Tp>>::value)
        -:  199:    {
        -:  200:#if __cplusplus < 201103L
        -:  201:      // concept requirements
        -:  202:      __glibcxx_function_requires(_SGIAssignableConcept<_Tp>)
        -:  203:#endif
        1:  204:      _Tp __tmp = _GLIBCXX_MOVE(__a);
        1:  205:      __a = _GLIBCXX_MOVE(__b);
        1:  206:      __b = _GLIBCXX_MOVE(__tmp);
        1:  207:    }
------------------
_ZSt4swapISt9_Any_dataENSt9enable_ifIXsrSt6__and_IJSt6__not_ISt15__is_tuple_likeIT_EESt21is_move_constructibleIS5_ESt18is_move_assignableIS5_EEE5valueEvE4typeERS5_SF_:
        1:  196:    swap(_Tp& __a, _Tp& __b)
        -:  197:    _GLIBCXX_NOEXCEPT_IF(__and_<is_nothrow_move_constructible<_Tp>,
        -:  198:				is_nothrow_move_assignable<_Tp>>::value)
        -:  199:    {
        -:  200:#if __cplusplus < 201103L
        -:  201:      // concept requirements
        -:  202:      __glibcxx_function_requires(_SGIAssignableConcept<_Tp>)
        -:  203:#endif
        1:  204:      _Tp __tmp = _GLIBCXX_MOVE(__a);
        1:  205:      __a = _GLIBCXX_MOVE(__b);
        1:  206:      __b = _GLIBCXX_MOVE(__tmp);
        1:  207:    }
------------------
_ZSt4swapINSt6thread2idEENSt9enable_ifIXsrSt6__and_IJSt6__not_ISt15__is_tuple_likeIT_EESt21is_move_constructibleIS6_ESt18is_move_assignableIS6_EEE5valueEvE4typeERS6_SG_:
        3:  196:    swap(_Tp& __a, _Tp& __b)
        -:  197:    _GLIBCXX_NOEXCEPT_IF(__and_<is_nothrow_move_constructible<_Tp>,
        -:  198:				is_nothrow_move_assignable<_Tp>>::value)
        -:  199:    {
        -:  200:#if __cplusplus < 201103L
        -:  201:      // concept requirements
        -:  202:      __glibcxx_function_requires(_SGIAssignableConcept<_Tp>)
        -:  203:#endif
        3:  204:      _Tp __tmp = _GLIBCXX_MOVE(__a);
        3:  205:      __a = _GLIBCXX_MOVE(__b);
        3:  206:      __b = _GLIBCXX_MOVE(__tmp);
        3:  207:    }
------------------
_ZSt4swapIP4TreeENSt9enable_ifIXsrSt6__and_IJSt6__not_ISt15__is_tuple_likeIT_EESt21is_move_constructibleIS6_ESt18is_move_assignableIS6_EEE5valueEvE4typeERS6_SG_:
    #####:  196:    swap(_Tp& __a, _Tp& __b)
        -:  197:    _GLIBCXX_NOEXCEPT_IF(__and_<is_nothrow_move_constructible<_Tp>,
        -:  198:				is_nothrow_move_assignable<_Tp>>::value)
        -:  199:    {
        -:  200:#if __cplusplus < 201103L
        -:  201:      // concept requirements
        -:  202:      __glibcxx_function_requires(_SGIAssignableConcept<_Tp>)
        -:  203:#endif
    #####:  204:      _Tp __tmp = _GLIBCXX_MOVE(__a);
    #####:  205:      __a = _GLIBCXX_MOVE(__b);
    #####:  206:      __b = _GLIBCXX_MOVE(__tmp);
    #####:  207:    }
------------------
_ZSt4swapIiENSt9enable_ifIXsrSt6__and_IJSt6__not_ISt15__is_tuple_likeIT_EESt21is_move_constructibleIS4_ESt18is_move_assignableIS4_EEE5valueEvE4typeERS4_SE_:
    #####:  196:    swap(_Tp& __a, _Tp& __b)
        -:  197:    _GLIBCXX_NOEXCEPT_IF(__and_<is_nothrow_move_constructible<_Tp>,
        -:  198:				is_nothrow_move_assignable<_Tp>>::value)
        -:  199:    {
        -:  200:#if __cplusplus < 201103L
        -:  201:      // concept requirements
        -:  202:      __glibcxx_function_requires(_SGIAssignableConcept<_Tp>)
        -:  203:#endif
    #####:  204:      _Tp __tmp = _GLIBCXX_MOVE(__a);
    #####:  205:      __a = _GLIBCXX_MOVE(__b);
    #####:  206:      __b = _GLIBCXX_MOVE(__tmp);
    #####:  207:    }
------------------
_ZSt4swapIP6VertexENSt9enable_ifIXsrSt6__and_IJSt6__not_ISt15__is_tuple_likeIT_EESt21is_move_constructibleIS6_ESt18is_move_assignableIS6_EEE5valueEvE4typeERS6_SG_:
    #####:  196:    swap(_Tp& __a, _Tp& __b)
        -:  197:    _GLIBCXX_NOEXCEPT_IF(__and_<is_nothrow_move_constructible<_Tp>,
        -:  198:				is_nothrow_move_assignable<_Tp>>::value)
        -:  199:    {
        -:  200:#if __cplusplus < 201103L
        -:  201:      // concept requirements
        -:  202:      __glibcxx_function_requires(_SGIAssignableConcept<_Tp>)
        -:  203:#endif
    #####:  204:      _Tp __tmp = _GLIBCXX_MOVE(__a);
    #####:  205:      __a = _GLIBCXX_MOVE(__b);
    #####:  206:      __b = _GLIBCXX_MOVE(__tmp);
    #####:  207:    }
------------------
        -:  208:
        -:  209:  // _GLIBCXX_RESOLVE_LIB_DEFECTS
        -:  210:  // DR 809. std::swap should be overloaded for array types.
        -:  211:  /// Swap the contents of two arrays.
        -:  212:  template<typename _Tp, size_t _Nm>
        -:  213:    _GLIBCXX20_CONSTEXPR
        -:  214:    inline
        -:  215:#if __cplusplus >= 201103L
        -:  216:    typename enable_if<__is_swappable<_Tp>::value>::type
        -:  217:#else
        -:  218:    void
        -:  219:#endif
        -:  220:    swap(_Tp (&__a)[_Nm], _Tp (&__b)[_Nm])
        -:  221:    _GLIBCXX_NOEXCEPT_IF(__is_nothrow_swappable<_Tp>::value)
        -:  222:    {
        -:  223:      for (size_t __n = 0; __n < _Nm; ++__n)
        -:  224:	swap(__a[__n], __b[__n]);
        -:  225:    }
        -:  226:
        -:  227:  /// @} group utilities
        -:  228:_GLIBCXX_END_NAMESPACE_VERSION
        -:  229:} // namespace
        -:  230:
        -:  231:#endif /* _MOVE_H */
