        -:    0:Source:MSTFactory.cpp
        -:    1:#include "MSTFactory.hpp"
        -:    2:#include <queue>
        -:    3:#include <limits>
        -:    4:#include <numeric> // for iota
        -:    5:#include <algorithm> // for sort
        -:    6:#include <functional> // for std::function
        -:    7:
        -:    8:
        -:    9:using std::cout;
        -:   10:using std::endl;
        -:   11:using std::get;
        -:   12:using std::vector;
        -:   13:using std::shared_ptr;
        -:   14:using std::unique_ptr;
        -:   15:using std::make_shared;
        -:   16:using std::make_unique;
        -:   17:using std::priority_queue;
        -:   18:using std::numeric_limits;
        -:   19:using std::greater;
        -:   20:
        -:   21:// Prim's Algorithm
    #####:   22:std::unique_ptr<Tree> PrimSolver::findMST(Graph& g) {
    #####:   23:    cout << "Finding MST using Prim's Algorithm:" << endl;
    #####:   24:    size_t n = g.numVertices();
    #####:   25:    vector<shared_ptr<Vertex>> ogVs = g.getVertices();
        -:   26:    
    #####:   27:    priority_queue<std::tuple<int, int, int>, vector<std::tuple<int, int, int>>, greater<std::tuple<int, int, int>>> pq;
    #####:   28:    vector<int> key(n, numeric_limits<int>::max());
    #####:   29:    vector<bool> inMST(n, false);
        -:   30:
    #####:   31:    vector<shared_ptr<Vertex>> vertices;
    #####:   32:    for (size_t i = 0; i < n; ++i) {
    #####:   33:        vertices.push_back(make_shared<Vertex>(i));
        -:   34:    }
    #####:   35:    unique_ptr<Tree> tree = make_unique<Tree>(vertices);
        -:   36:
    #####:   37:    key[0] = 0;
    #####:   38:    pq.push(std::make_tuple(0, 0, 0));
        -:   39:
    #####:   40:    while (!pq.empty()) {
    #####:   41:        auto [weight, u, v] = pq.top();
    #####:   42:        pq.pop();
        -:   43:
    #####:   44:        if (inMST[v]) continue;
    #####:   45:        inMST[v] = true;
    #####:   46:        tree->addEdge(vertices[u], vertices[v], weight);
        -:   47:
    #####:   48:        for (auto& edge : ogVs[v]->getNeighbors()) {
    #####:   49:            int n = edge.first.lock()->getID();
    #####:   50:            int w = edge.second;
    #####:   51:            if (!inMST[n] && key[n] > w) {
    #####:   52:                key[n] = w;
    #####:   53:                pq.push(std::make_tuple(w, v, n));
        -:   54:            }
    #####:   55:        }
        -:   56:    }
    #####:   57:    return tree;
    #####:   58:}
        -:   59:
        -:   60:// Kruskal's Algorithm
        1:   61:std::unique_ptr<Tree> KruskalSolver::findMST(Graph& g) {
        1:   62:    cout << "Finding MST using Kruskal's Algorithm" << endl;
        1:   63:    size_t n = g.numVertices();
        1:   64:    vector<std::tuple<shared_ptr<Vertex>, shared_ptr<Vertex>, int>> edges = g.getEdges();
        -:   65:
        1:   66:    std::sort(edges.begin(), edges.end(), [](const std::tuple<shared_ptr<Vertex>, shared_ptr<Vertex>, int>& a, const std::tuple<shared_ptr<Vertex>, shared_ptr<Vertex>, int>& b) {
        5:   67:        return get<2>(a) < get<2>(b);
        -:   68:    });
        -:   69:
        1:   70:    vector<int> scc(n);
        1:   71:    std::iota(scc.begin(), scc.end(), 0);
        -:   72:
       13:   73:    std::function<int(int)> find = [&](int v) {
       13:   74:        if (scc[v] != v) {
        3:   75:            scc[v] = find(scc[v]);
        -:   76:        }
       13:   77:        return scc[v];
        1:   78:    };
        -:   79:
        2:   80:    auto unionSets = [&](int u, int v) {
        2:   81:        int rootU = find(u);
        2:   82:        int rootV = find(v);
        2:   83:        if (rootU != rootV) {
        2:   84:            scc[rootV] = rootU;
        -:   85:        }
        3:   86:    };
        -:   87:
        1:   88:    vector<shared_ptr<Vertex>> vertices;
        6:   89:    for (size_t i = 0; i < n; ++i) {
        5:   90:        vertices.push_back(make_shared<Vertex>(i));
        -:   91:    }
        1:   92:    unique_ptr<Tree> tree = make_unique<Tree>(vertices);
        -:   93:
        4:   94:    for (const auto& edge : edges) {
        3:   95:        shared_ptr<Vertex> v = get<0>(edge);
        3:   96:        shared_ptr<Vertex> u = get<1>(edge);
        3:   97:        int w = get<2>(edge);
        -:   98:
        3:   99:        if (find(v->getID()) != find(u->getID())) {
        2:  100:            unionSets(v->getID(), u->getID());
        2:  101:            tree->addEdge(vertices[v->getID()], vertices[u->getID()], w);
        -:  102:        }
        3:  103:    }
        -:  104:
        2:  105:    return tree;
        1:  106:}
        -:  107:
        -:  108:// Borůvka's Algorithm
    #####:  109:std::unique_ptr<Tree> BoruvkaSolver::findMST(Graph& g) {
    #####:  110:    cout << "Finding MST using Boruvka's Algorithm" << endl;
    #####:  111:    size_t n = g.numVertices();
    #####:  112:    vector<shared_ptr<Vertex>> vertices;
    #####:  113:    for (size_t i = 0; i < n; ++i) {
    #####:  114:        vertices.push_back(make_shared<Vertex>(i));
        -:  115:    }
    #####:  116:    unique_ptr<Tree> tree = make_unique<Tree>(vertices);
        -:  117:
    #####:  118:    vector<int> component(n);
    #####:  119:    std::iota(component.begin(), component.end(), 0); // Start each vertex as its own component
        -:  120:
    #####:  121:    int numComponents = n;
    #####:  122:    while (numComponents > 1) {
        -:  123:        // Find the cheapest edge for each component
    #####:  124:        vector<std::tuple<int, int, int>> cheapest(n, std::make_tuple(-1, -1, numeric_limits<int>::max()));
        -:  125:
    #####:  126:        for (const auto& edge : g.getEdges()) {
    #####:  127:            int u = get<0>(edge)->getID();
    #####:  128:            int v = get<1>(edge)->getID();
    #####:  129:            int weight = get<2>(edge);
    #####:  130:            if (component[u] != component[v]) { // Different components
    #####:  131:                if (weight < std::get<2>(cheapest[component[u]])) {
    #####:  132:                    cheapest[component[u]] = std::make_tuple(u, v, weight);
        -:  133:                }
    #####:  134:                if (weight < std::get<2>(cheapest[component[v]])) {
    #####:  135:                    cheapest[component[v]] = std::make_tuple(v, u, weight);
        -:  136:                }
        -:  137:            }
    #####:  138:        }
        -:  139:
        -:  140:        // Add the cheapest edges to the MST and merge components
    #####:  141:        for (size_t i = 0; i < n; ++i) {
    #####:  142:            if (std::get<0>(cheapest[i]) != -1) {
    #####:  143:                int u = std::get<0>(cheapest[i]);
    #####:  144:                int v = std::get<1>(cheapest[i]);
    #####:  145:                int weight = std::get<2>(cheapest[i]);
        -:  146:
    #####:  147:                if (component[u] != component[v]) {
    #####:  148:                    tree->addEdge(vertices[u], vertices[v], weight);
    #####:  149:                    int oldComponent = component[v];
    #####:  150:                    int newComponent = component[u];
    #####:  151:                    for (size_t j = 0; j < n; ++j) {
    #####:  152:                        if (component[j] == oldComponent) {
    #####:  153:                            component[j] = newComponent;
        -:  154:                        }
        -:  155:                    }
    #####:  156:                    numComponents--;
        -:  157:                }
        -:  158:            }
        -:  159:        }
    #####:  160:    }
        -:  161:
    #####:  162:    return tree;
    #####:  163:}
        -:  164:
        -:  165:
        -:  166:// Tarjan's Algorithm (Placeholder)
    #####:  167:std::unique_ptr<Tree> TarjanSolver::findMST(Graph& g) {
    #####:  168:    cout << "Finding MST using Tarjan's Algorithm" << endl;
        -:  169:    // Implement Tarjan's algorithm here
    #####:  170:    return nullptr;
        -:  171:}
        -:  172:
        -:  173:// Integer MST Algorithm (Placeholder)
    #####:  174:std::unique_ptr<Tree> IntegerMSTSolver::findMST(Graph& g) {
    #####:  175:    cout << "Finding MST using Integer MST Algorithm" << endl;
        -:  176:    // Implement Integer MST algorithm here
    #####:  177:    return nullptr;
        -:  178:}
