        -:    0:Source:reactor.cpp
        -:    1:#include "reactor.hpp"
        -:    2:#include <iostream>
        -:    3:#include <unistd.h>
        -:    4:
        -:    5:// Starts a new reactor and returns a pointer to it
        1:    6:void *startReactor() {
        1:    7:    Reactor *reactor = new Reactor;
        1:    8:    reactor->running = true;
        1:    9:    return reactor;
        -:   10:}
        -:   11:
        -:   12:// Adds fd to Reactor (for reading); returns 0 on success
        2:   13:int addFdToReactor(void *reactor_ptr, int fd, reactorFunc func) {
        2:   14:    Reactor *reactor = static_cast<Reactor *>(reactor_ptr);
        -:   15:    struct pollfd pfd;
        2:   16:    pfd.fd = fd;
        2:   17:    pfd.events = POLLIN;
        2:   18:    reactor->pfds.push_back(pfd);
        2:   19:    reactor->callbacks[fd] = func;
        2:   20:    return 0;
        -:   21:}
        -:   22:
        -:   23:// Removes fd from reactor
        1:   24:int removeFdFromReactor(void *reactor_ptr, int fd) {
        1:   25:    Reactor *reactor = static_cast<Reactor *>(reactor_ptr);
        2:   26:    for (auto it = reactor->pfds.begin(); it != reactor->pfds.end(); ++it) {
        2:   27:        if (it->fd == fd) {
        1:   28:            reactor->pfds.erase(it);
        1:   29:            break;
        -:   30:        }
        -:   31:    }
        1:   32:    reactor->callbacks.erase(fd);
        1:   33:    return 0;
        -:   34:}
        -:   35:
        -:   36:// Stops reactor
        2:   37:int stopReactor(void *reactor_ptr) {
        2:   38:    Reactor *reactor = static_cast<Reactor *>(reactor_ptr);
        2:   39:    reactor->running = false;
        2:   40:    return 0;
        -:   41:}
        -:   42:
        -:   43:// Runs the reactor event loop
        1:   44:void runReactor(void *reactor_ptr) {
        1:   45:    Reactor *reactor = static_cast<Reactor *>(reactor_ptr);
       12:   46:    while (reactor->running) {
       11:   47:        int poll_count = poll(reactor->pfds.data(), reactor->pfds.size(), -1);
       11:   48:        if (poll_count == -1) {
    #####:   49:            perror("poll");
    #####:   50:            break;
        -:   51:        }
        -:   52:
       33:   53:        for (size_t i = 0; i < reactor->pfds.size(); i++) {
       22:   54:            if (reactor->pfds[i].revents & POLLIN) {
       11:   55:                int fd = reactor->pfds[i].fd;
       11:   56:                reactorFunc func = reactor->callbacks[fd];
       11:   57:                if (func) {
       11:   58:                    func(fd);
        -:   59:                }
        -:   60:            }
        -:   61:        }
        -:   62:    }
        1:   63:}
