        -:    0:Source:vertex.cpp
        -:    1:#include "vertex.hpp"
        -:    2:
        -:    3:using std::make_pair;
        -:    4:using std::find_if;
        -:    5:using std::any_of;
        -:    6:using std::shared_ptr;
        -:    7:using std::weak_ptr;
        -:    8:
       12:    9:void Vertex::addNeighbor(shared_ptr<Vertex> neighbor, int weight) {
       12:   10:    if (!hasNeighbor(neighbor)) {
       12:   11:        neighbors.push_back(make_pair(weak_ptr<Vertex>(neighbor), weight)); // Store weak_ptr
        -:   12:    }
       12:   13:}
        -:   14:
        2:   15:void Vertex::removeNeighbor(shared_ptr<Vertex> neighbor) {
        2:   16:    auto it = find_if(neighbors.begin(), neighbors.end(),[neighbor](const pair<weak_ptr<Vertex>, int>& p) { 
        4:   17:        return p.first.lock() == neighbor; // lock weak_ptr to get shared_ptr for comparison
        -:   18:    });
        2:   19:    if (it != neighbors.end()) {
        2:   20:        neighbors.erase(it);
        -:   21:    }
        2:   22:}
        -:   23:
       20:   24:bool Vertex::hasNeighbor(shared_ptr<Vertex> neighbor) {
       40:   25:    return any_of(neighbors.begin(), neighbors.end(),[neighbor](const pair<weak_ptr<Vertex>, int>& p) { 
       16:   26:        return p.first.lock() == neighbor; // lock weak_ptr to compare with shared_ptr
       40:   27:    });
        -:   28:}
